mode: set
github.com/rawagner/cluster-templates-operator/api/v1alpha1/clustertemplatequota_types.go:61.13,63.2 1 1
github.com/rawagner/cluster-templates-operator/api/v1alpha1/clustertemplatequota_webhook.go:34.80,39.2 2 1
github.com/rawagner/cluster-templates-operator/api/v1alpha1/clustertemplatequota_webhook.go:49.55,57.16 5 0
github.com/rawagner/cluster-templates-operator/api/v1alpha1/clustertemplatequota_webhook.go:61.2,62.43 2 0
github.com/rawagner/cluster-templates-operator/api/v1alpha1/clustertemplatequota_webhook.go:68.2,68.20 1 0
github.com/rawagner/cluster-templates-operator/api/v1alpha1/clustertemplatequota_webhook.go:73.2,73.12 1 0
github.com/rawagner/cluster-templates-operator/api/v1alpha1/clustertemplatequota_webhook.go:57.16,59.3 1 0
github.com/rawagner/cluster-templates-operator/api/v1alpha1/clustertemplatequota_webhook.go:62.43,63.30 1 0
github.com/rawagner/cluster-templates-operator/api/v1alpha1/clustertemplatequota_webhook.go:63.30,65.4 1 0
github.com/rawagner/cluster-templates-operator/api/v1alpha1/clustertemplatequota_webhook.go:68.20,70.3 1 0
github.com/rawagner/cluster-templates-operator/api/v1alpha1/clustertemplatequota_webhook.go:77.73,82.2 2 0
github.com/rawagner/cluster-templates-operator/api/v1alpha1/clustertemplatequota_webhook.go:85.55,90.2 2 0
github.com/rawagner/cluster-templates-operator/api/v1alpha1/zz_generated.deepcopy.go:30.57,33.2 2 0
github.com/rawagner/cluster-templates-operator/api/v1alpha1/zz_generated.deepcopy.go:36.50,37.15 1 0
github.com/rawagner/cluster-templates-operator/api/v1alpha1/zz_generated.deepcopy.go:40.2,42.12 3 0
github.com/rawagner/cluster-templates-operator/api/v1alpha1/zz_generated.deepcopy.go:37.15,39.3 1 0
github.com/rawagner/cluster-templates-operator/api/v1alpha1/zz_generated.deepcopy.go:46.69,48.30 2 0
github.com/rawagner/cluster-templates-operator/api/v1alpha1/zz_generated.deepcopy.go:48.30,51.3 2 0
github.com/rawagner/cluster-templates-operator/api/v1alpha1/zz_generated.deepcopy.go:55.62,56.15 1 0
github.com/rawagner/cluster-templates-operator/api/v1alpha1/zz_generated.deepcopy.go:59.2,61.12 3 0
github.com/rawagner/cluster-templates-operator/api/v1alpha1/zz_generated.deepcopy.go:56.15,58.3 1 0
github.com/rawagner/cluster-templates-operator/api/v1alpha1/zz_generated.deepcopy.go:65.63,71.2 5 0
github.com/rawagner/cluster-templates-operator/api/v1alpha1/zz_generated.deepcopy.go:74.56,75.15 1 0
github.com/rawagner/cluster-templates-operator/api/v1alpha1/zz_generated.deepcopy.go:78.2,80.12 3 0
github.com/rawagner/cluster-templates-operator/api/v1alpha1/zz_generated.deepcopy.go:75.15,77.3 1 0
github.com/rawagner/cluster-templates-operator/api/v1alpha1/zz_generated.deepcopy.go:84.60,85.34 1 0
github.com/rawagner/cluster-templates-operator/api/v1alpha1/zz_generated.deepcopy.go:88.2,88.12 1 0
github.com/rawagner/cluster-templates-operator/api/v1alpha1/zz_generated.deepcopy.go:85.34,87.3 1 0
github.com/rawagner/cluster-templates-operator/api/v1alpha1/zz_generated.deepcopy.go:92.79,98.2 5 0
github.com/rawagner/cluster-templates-operator/api/v1alpha1/zz_generated.deepcopy.go:101.72,102.15 1 0
github.com/rawagner/cluster-templates-operator/api/v1alpha1/zz_generated.deepcopy.go:105.2,107.12 3 0
github.com/rawagner/cluster-templates-operator/api/v1alpha1/zz_generated.deepcopy.go:102.15,104.3 1 0
github.com/rawagner/cluster-templates-operator/api/v1alpha1/zz_generated.deepcopy.go:111.68,112.34 1 0
github.com/rawagner/cluster-templates-operator/api/v1alpha1/zz_generated.deepcopy.go:115.2,115.12 1 0
github.com/rawagner/cluster-templates-operator/api/v1alpha1/zz_generated.deepcopy.go:112.34,114.3 1 0
github.com/rawagner/cluster-templates-operator/api/v1alpha1/zz_generated.deepcopy.go:119.87,123.21 4 0
github.com/rawagner/cluster-templates-operator/api/v1alpha1/zz_generated.deepcopy.go:123.21,126.22 3 0
github.com/rawagner/cluster-templates-operator/api/v1alpha1/zz_generated.deepcopy.go:126.22,128.4 1 0
github.com/rawagner/cluster-templates-operator/api/v1alpha1/zz_generated.deepcopy.go:133.80,134.15 1 0
github.com/rawagner/cluster-templates-operator/api/v1alpha1/zz_generated.deepcopy.go:137.2,139.12 3 0
github.com/rawagner/cluster-templates-operator/api/v1alpha1/zz_generated.deepcopy.go:134.15,136.3 1 0
github.com/rawagner/cluster-templates-operator/api/v1alpha1/zz_generated.deepcopy.go:143.72,144.34 1 0
github.com/rawagner/cluster-templates-operator/api/v1alpha1/zz_generated.deepcopy.go:147.2,147.12 1 0
github.com/rawagner/cluster-templates-operator/api/v1alpha1/zz_generated.deepcopy.go:144.34,146.3 1 0
github.com/rawagner/cluster-templates-operator/api/v1alpha1/zz_generated.deepcopy.go:151.87,153.22 2 0
github.com/rawagner/cluster-templates-operator/api/v1alpha1/zz_generated.deepcopy.go:153.22,157.3 3 0
github.com/rawagner/cluster-templates-operator/api/v1alpha1/zz_generated.deepcopy.go:161.80,162.15 1 0
github.com/rawagner/cluster-templates-operator/api/v1alpha1/zz_generated.deepcopy.go:165.2,167.12 3 0
github.com/rawagner/cluster-templates-operator/api/v1alpha1/zz_generated.deepcopy.go:162.15,164.3 1 0
github.com/rawagner/cluster-templates-operator/api/v1alpha1/zz_generated.deepcopy.go:171.91,173.28 2 0
github.com/rawagner/cluster-templates-operator/api/v1alpha1/zz_generated.deepcopy.go:173.28,176.22 3 0
github.com/rawagner/cluster-templates-operator/api/v1alpha1/zz_generated.deepcopy.go:176.22,178.4 1 0
github.com/rawagner/cluster-templates-operator/api/v1alpha1/zz_generated.deepcopy.go:183.84,184.15 1 0
github.com/rawagner/cluster-templates-operator/api/v1alpha1/zz_generated.deepcopy.go:187.2,189.12 3 0
github.com/rawagner/cluster-templates-operator/api/v1alpha1/zz_generated.deepcopy.go:184.15,186.3 1 0
github.com/rawagner/cluster-templates-operator/api/v1alpha1/zz_generated.deepcopy.go:193.71,197.21 4 0
github.com/rawagner/cluster-templates-operator/api/v1alpha1/zz_generated.deepcopy.go:197.21,200.22 3 0
github.com/rawagner/cluster-templates-operator/api/v1alpha1/zz_generated.deepcopy.go:200.22,202.4 1 0
github.com/rawagner/cluster-templates-operator/api/v1alpha1/zz_generated.deepcopy.go:207.64,208.15 1 0
github.com/rawagner/cluster-templates-operator/api/v1alpha1/zz_generated.deepcopy.go:211.2,213.12 3 0
github.com/rawagner/cluster-templates-operator/api/v1alpha1/zz_generated.deepcopy.go:208.15,210.3 1 0
github.com/rawagner/cluster-templates-operator/api/v1alpha1/zz_generated.deepcopy.go:217.64,218.34 1 0
github.com/rawagner/cluster-templates-operator/api/v1alpha1/zz_generated.deepcopy.go:221.2,221.12 1 0
github.com/rawagner/cluster-templates-operator/api/v1alpha1/zz_generated.deepcopy.go:218.34,220.3 1 0
github.com/rawagner/cluster-templates-operator/api/v1alpha1/zz_generated.deepcopy.go:225.73,231.2 5 0
github.com/rawagner/cluster-templates-operator/api/v1alpha1/zz_generated.deepcopy.go:234.66,235.15 1 0
github.com/rawagner/cluster-templates-operator/api/v1alpha1/zz_generated.deepcopy.go:238.2,240.12 3 0
github.com/rawagner/cluster-templates-operator/api/v1alpha1/zz_generated.deepcopy.go:235.15,237.3 1 0
github.com/rawagner/cluster-templates-operator/api/v1alpha1/zz_generated.deepcopy.go:244.65,245.34 1 0
github.com/rawagner/cluster-templates-operator/api/v1alpha1/zz_generated.deepcopy.go:248.2,248.12 1 0
github.com/rawagner/cluster-templates-operator/api/v1alpha1/zz_generated.deepcopy.go:245.34,247.3 1 0
github.com/rawagner/cluster-templates-operator/api/v1alpha1/zz_generated.deepcopy.go:252.81,256.21 4 0
github.com/rawagner/cluster-templates-operator/api/v1alpha1/zz_generated.deepcopy.go:256.21,259.22 3 0
github.com/rawagner/cluster-templates-operator/api/v1alpha1/zz_generated.deepcopy.go:259.22,261.4 1 0
github.com/rawagner/cluster-templates-operator/api/v1alpha1/zz_generated.deepcopy.go:266.74,267.15 1 0
github.com/rawagner/cluster-templates-operator/api/v1alpha1/zz_generated.deepcopy.go:270.2,272.12 3 0
github.com/rawagner/cluster-templates-operator/api/v1alpha1/zz_generated.deepcopy.go:267.15,269.3 1 0
github.com/rawagner/cluster-templates-operator/api/v1alpha1/zz_generated.deepcopy.go:276.69,277.34 1 0
github.com/rawagner/cluster-templates-operator/api/v1alpha1/zz_generated.deepcopy.go:280.2,280.12 1 0
github.com/rawagner/cluster-templates-operator/api/v1alpha1/zz_generated.deepcopy.go:277.34,279.3 1 0
github.com/rawagner/cluster-templates-operator/api/v1alpha1/zz_generated.deepcopy.go:284.81,286.2 1 0
github.com/rawagner/cluster-templates-operator/api/v1alpha1/zz_generated.deepcopy.go:289.74,290.15 1 0
github.com/rawagner/cluster-templates-operator/api/v1alpha1/zz_generated.deepcopy.go:293.2,295.12 3 0
github.com/rawagner/cluster-templates-operator/api/v1alpha1/zz_generated.deepcopy.go:290.15,292.3 1 0
github.com/rawagner/cluster-templates-operator/api/v1alpha1/zz_generated.deepcopy.go:299.85,301.2 1 0
github.com/rawagner/cluster-templates-operator/api/v1alpha1/zz_generated.deepcopy.go:304.78,305.15 1 0
github.com/rawagner/cluster-templates-operator/api/v1alpha1/zz_generated.deepcopy.go:308.2,310.12 3 0
github.com/rawagner/cluster-templates-operator/api/v1alpha1/zz_generated.deepcopy.go:305.15,307.3 1 0
github.com/rawagner/cluster-templates-operator/api/v1alpha1/zz_generated.deepcopy.go:314.71,316.28 2 0
github.com/rawagner/cluster-templates-operator/api/v1alpha1/zz_generated.deepcopy.go:316.28,319.22 3 0
github.com/rawagner/cluster-templates-operator/api/v1alpha1/zz_generated.deepcopy.go:319.22,321.4 1 0
github.com/rawagner/cluster-templates-operator/api/v1alpha1/zz_generated.deepcopy.go:326.64,327.15 1 0
github.com/rawagner/cluster-templates-operator/api/v1alpha1/zz_generated.deepcopy.go:330.2,332.12 3 0
github.com/rawagner/cluster-templates-operator/api/v1alpha1/zz_generated.deepcopy.go:327.15,329.3 1 0
github.com/rawagner/cluster-templates-operator/api/v1alpha1/zz_generated.deepcopy.go:336.75,338.2 1 0
github.com/rawagner/cluster-templates-operator/api/v1alpha1/zz_generated.deepcopy.go:341.68,342.15 1 0
github.com/rawagner/cluster-templates-operator/api/v1alpha1/zz_generated.deepcopy.go:345.2,347.12 3 0
github.com/rawagner/cluster-templates-operator/api/v1alpha1/zz_generated.deepcopy.go:342.15,344.3 1 0
github.com/rawagner/cluster-templates-operator/api/v1alpha1/clustertemplate_types.go:72.13,74.2 1 1
github.com/rawagner/cluster-templates-operator/api/v1alpha1/clustertemplateinstance_types.go:81.13,83.2 1 1
github.com/rawagner/cluster-templates-operator/api/v1alpha1/clustertemplateinstance_webhook.go:34.83,39.2 2 1
github.com/rawagner/cluster-templates-operator/api/v1alpha1/clustertemplateinstance_webhook.go:49.58,59.16 5 0
github.com/rawagner/cluster-templates-operator/api/v1alpha1/clustertemplateinstance_webhook.go:63.2,64.34 2 0
github.com/rawagner/cluster-templates-operator/api/v1alpha1/clustertemplateinstance_webhook.go:70.2,70.22 1 0
github.com/rawagner/cluster-templates-operator/api/v1alpha1/clustertemplateinstance_webhook.go:74.2,76.53 2 0
github.com/rawagner/cluster-templates-operator/api/v1alpha1/clustertemplateinstance_webhook.go:80.2,80.12 1 0
github.com/rawagner/cluster-templates-operator/api/v1alpha1/clustertemplateinstance_webhook.go:59.16,61.3 1 0
github.com/rawagner/cluster-templates-operator/api/v1alpha1/clustertemplateinstance_webhook.go:64.34,65.50 1 0
github.com/rawagner/cluster-templates-operator/api/v1alpha1/clustertemplateinstance_webhook.go:65.50,67.4 1 0
github.com/rawagner/cluster-templates-operator/api/v1alpha1/clustertemplateinstance_webhook.go:70.22,72.3 1 0
github.com/rawagner/cluster-templates-operator/api/v1alpha1/clustertemplateinstance_webhook.go:76.53,78.3 1 0
github.com/rawagner/cluster-templates-operator/api/v1alpha1/clustertemplateinstance_webhook.go:84.76,89.2 2 0
github.com/rawagner/cluster-templates-operator/api/v1alpha1/clustertemplateinstance_webhook.go:92.58,97.2 2 0
github.com/rawagner/cluster-templates-operator/controllers/clustertemplateinstance_controller.go:68.115,72.16 4 0
github.com/rawagner/cluster-templates-operator/controllers/clustertemplateinstance_controller.go:80.2,80.59 1 0
github.com/rawagner/cluster-templates-operator/controllers/clustertemplateinstance_controller.go:97.2,97.98 1 0
github.com/rawagner/cluster-templates-operator/controllers/clustertemplateinstance_controller.go:105.2,106.123 2 0
github.com/rawagner/cluster-templates-operator/controllers/clustertemplateinstance_controller.go:110.2,110.101 1 0
github.com/rawagner/cluster-templates-operator/controllers/clustertemplateinstance_controller.go:114.2,120.16 3 0
github.com/rawagner/cluster-templates-operator/controllers/clustertemplateinstance_controller.go:124.2,126.16 2 0
github.com/rawagner/cluster-templates-operator/controllers/clustertemplateinstance_controller.go:129.2,129.73 1 0
github.com/rawagner/cluster-templates-operator/controllers/clustertemplateinstance_controller.go:72.16,73.32 1 0
github.com/rawagner/cluster-templates-operator/controllers/clustertemplateinstance_controller.go:77.3,77.108 1 0
github.com/rawagner/cluster-templates-operator/controllers/clustertemplateinstance_controller.go:73.32,76.4 2 0
github.com/rawagner/cluster-templates-operator/controllers/clustertemplateinstance_controller.go:80.59,81.98 1 0
github.com/rawagner/cluster-templates-operator/controllers/clustertemplateinstance_controller.go:93.3,94.28 2 0
github.com/rawagner/cluster-templates-operator/controllers/clustertemplateinstance_controller.go:81.98,83.18 2 0
github.com/rawagner/cluster-templates-operator/controllers/clustertemplateinstance_controller.go:87.4,89.18 3 0
github.com/rawagner/cluster-templates-operator/controllers/clustertemplateinstance_controller.go:83.18,85.5 1 0
github.com/rawagner/cluster-templates-operator/controllers/clustertemplateinstance_controller.go:89.18,91.5 1 0
github.com/rawagner/cluster-templates-operator/controllers/clustertemplateinstance_controller.go:97.98,100.17 3 0
github.com/rawagner/cluster-templates-operator/controllers/clustertemplateinstance_controller.go:100.17,102.4 1 0
github.com/rawagner/cluster-templates-operator/controllers/clustertemplateinstance_controller.go:106.123,108.3 1 0
github.com/rawagner/cluster-templates-operator/controllers/clustertemplateinstance_controller.go:110.101,112.3 1 0
github.com/rawagner/cluster-templates-operator/controllers/clustertemplateinstance_controller.go:120.16,122.3 1 0
github.com/rawagner/cluster-templates-operator/controllers/clustertemplateinstance_controller.go:126.16,128.3 1 0
github.com/rawagner/cluster-templates-operator/controllers/clustertemplateinstance_controller.go:137.9,138.45 1 0
github.com/rawagner/cluster-templates-operator/controllers/clustertemplateinstance_controller.go:195.2,195.12 1 0
github.com/rawagner/cluster-templates-operator/controllers/clustertemplateinstance_controller.go:138.45,143.17 5 0
github.com/rawagner/cluster-templates-operator/controllers/clustertemplateinstance_controller.go:147.3,149.17 3 0
github.com/rawagner/cluster-templates-operator/controllers/clustertemplateinstance_controller.go:152.3,153.47 2 0
github.com/rawagner/cluster-templates-operator/controllers/clustertemplateinstance_controller.go:160.3,160.28 1 0
github.com/rawagner/cluster-templates-operator/controllers/clustertemplateinstance_controller.go:164.3,166.17 2 0
github.com/rawagner/cluster-templates-operator/controllers/clustertemplateinstance_controller.go:170.3,172.38 3 0
github.com/rawagner/cluster-templates-operator/controllers/clustertemplateinstance_controller.go:179.3,179.25 1 0
github.com/rawagner/cluster-templates-operator/controllers/clustertemplateinstance_controller.go:183.3,191.17 4 0
github.com/rawagner/cluster-templates-operator/controllers/clustertemplateinstance_controller.go:143.17,145.4 1 0
github.com/rawagner/cluster-templates-operator/controllers/clustertemplateinstance_controller.go:149.17,151.4 1 0
github.com/rawagner/cluster-templates-operator/controllers/clustertemplateinstance_controller.go:153.47,154.56 1 0
github.com/rawagner/cluster-templates-operator/controllers/clustertemplateinstance_controller.go:154.56,156.10 2 0
github.com/rawagner/cluster-templates-operator/controllers/clustertemplateinstance_controller.go:160.28,162.4 1 0
github.com/rawagner/cluster-templates-operator/controllers/clustertemplateinstance_controller.go:166.17,168.4 1 0
github.com/rawagner/cluster-templates-operator/controllers/clustertemplateinstance_controller.go:172.38,173.69 1 0
github.com/rawagner/cluster-templates-operator/controllers/clustertemplateinstance_controller.go:173.69,175.10 2 0
github.com/rawagner/cluster-templates-operator/controllers/clustertemplateinstance_controller.go:179.25,181.4 1 0
github.com/rawagner/cluster-templates-operator/controllers/clustertemplateinstance_controller.go:191.17,193.4 1 0
github.com/rawagner/cluster-templates-operator/controllers/clustertemplateinstance_controller.go:203.19,207.16 3 0
github.com/rawagner/cluster-templates-operator/controllers/clustertemplateinstance_controller.go:210.2,217.36 5 0
github.com/rawagner/cluster-templates-operator/controllers/clustertemplateinstance_controller.go:257.2,257.35 1 0
github.com/rawagner/cluster-templates-operator/controllers/clustertemplateinstance_controller.go:207.16,209.3 1 0
github.com/rawagner/cluster-templates-operator/controllers/clustertemplateinstance_controller.go:217.36,220.17 3 0
github.com/rawagner/cluster-templates-operator/controllers/clustertemplateinstance_controller.go:223.3,223.41 1 0
github.com/rawagner/cluster-templates-operator/controllers/clustertemplateinstance_controller.go:220.17,222.4 1 0
github.com/rawagner/cluster-templates-operator/controllers/clustertemplateinstance_controller.go:223.41,227.18 4 0
github.com/rawagner/cluster-templates-operator/controllers/clustertemplateinstance_controller.go:231.4,237.18 3 0
github.com/rawagner/cluster-templates-operator/controllers/clustertemplateinstance_controller.go:227.18,229.5 1 0
github.com/rawagner/cluster-templates-operator/controllers/clustertemplateinstance_controller.go:237.18,239.5 1 0
github.com/rawagner/cluster-templates-operator/controllers/clustertemplateinstance_controller.go:239.10,247.19 3 0
github.com/rawagner/cluster-templates-operator/controllers/clustertemplateinstance_controller.go:247.19,249.6 1 0
github.com/rawagner/cluster-templates-operator/controllers/clustertemplateinstance_controller.go:249.11,253.6 3 0
github.com/rawagner/cluster-templates-operator/controllers/clustertemplateinstance_controller.go:267.17,268.44 1 0
github.com/rawagner/cluster-templates-operator/controllers/clustertemplateinstance_controller.go:272.2,272.36 1 0
github.com/rawagner/cluster-templates-operator/controllers/clustertemplateinstance_controller.go:282.2,289.16 6 0
github.com/rawagner/cluster-templates-operator/controllers/clustertemplateinstance_controller.go:292.2,293.49 2 0
github.com/rawagner/cluster-templates-operator/controllers/clustertemplateinstance_controller.go:318.2,319.53 2 0
github.com/rawagner/cluster-templates-operator/controllers/clustertemplateinstance_controller.go:322.2,322.28 1 0
github.com/rawagner/cluster-templates-operator/controllers/clustertemplateinstance_controller.go:268.44,271.3 2 0
github.com/rawagner/cluster-templates-operator/controllers/clustertemplateinstance_controller.go:272.36,275.17 3 0
github.com/rawagner/cluster-templates-operator/controllers/clustertemplateinstance_controller.go:278.3,279.19 2 0
github.com/rawagner/cluster-templates-operator/controllers/clustertemplateinstance_controller.go:275.17,277.4 1 0
github.com/rawagner/cluster-templates-operator/controllers/clustertemplateinstance_controller.go:289.16,291.3 1 0
github.com/rawagner/cluster-templates-operator/controllers/clustertemplateinstance_controller.go:293.49,296.22 3 0
github.com/rawagner/cluster-templates-operator/controllers/clustertemplateinstance_controller.go:296.22,302.49 5 0
github.com/rawagner/cluster-templates-operator/controllers/clustertemplateinstance_controller.go:310.4,315.72 5 0
github.com/rawagner/cluster-templates-operator/controllers/clustertemplateinstance_controller.go:302.49,303.61 1 0
github.com/rawagner/cluster-templates-operator/controllers/clustertemplateinstance_controller.go:303.61,307.6 3 0
github.com/rawagner/cluster-templates-operator/controllers/clustertemplateinstance_controller.go:319.53,321.3 1 0
github.com/rawagner/cluster-templates-operator/controllers/clustertemplateinstance_controller.go:330.24,335.16 3 0
github.com/rawagner/cluster-templates-operator/controllers/clustertemplateinstance_controller.go:338.2,338.75 1 0
github.com/rawagner/cluster-templates-operator/controllers/clustertemplateinstance_controller.go:335.16,337.3 1 0
github.com/rawagner/cluster-templates-operator/controllers/clustertemplateinstance_controller.go:342.86,346.2 1 0
github.com/rawagner/cluster-templates-operator/controllers/clustertemplatequota_controller.go:50.112,53.16 3 0
github.com/rawagner/cluster-templates-operator/controllers/clustertemplatequota_controller.go:59.2,68.61 5 0
github.com/rawagner/cluster-templates-operator/controllers/clustertemplatequota_controller.go:74.2,80.16 3 0
github.com/rawagner/cluster-templates-operator/controllers/clustertemplatequota_controller.go:84.2,84.27 1 0
github.com/rawagner/cluster-templates-operator/controllers/clustertemplatequota_controller.go:53.16,55.3 1 0
github.com/rawagner/cluster-templates-operator/controllers/clustertemplatequota_controller.go:68.61,69.114 1 0
github.com/rawagner/cluster-templates-operator/controllers/clustertemplatequota_controller.go:69.114,71.4 1 0
github.com/rawagner/cluster-templates-operator/controllers/clustertemplatequota_controller.go:80.16,82.3 1 0
github.com/rawagner/cluster-templates-operator/controllers/clustertemplatequota_controller.go:88.83,90.73 1 0
github.com/rawagner/cluster-templates-operator/controllers/clustertemplatequota_controller.go:113.2,118.14 1 0
github.com/rawagner/cluster-templates-operator/controllers/clustertemplatequota_controller.go:90.73,97.75 3 0
github.com/rawagner/cluster-templates-operator/controllers/clustertemplatequota_controller.go:101.3,102.38 2 0
github.com/rawagner/cluster-templates-operator/controllers/clustertemplatequota_controller.go:110.3,110.15 1 0
github.com/rawagner/cluster-templates-operator/controllers/clustertemplatequota_controller.go:97.75,99.4 1 0
github.com/rawagner/cluster-templates-operator/controllers/clustertemplatequota_controller.go:102.38,103.50 1 0
github.com/rawagner/cluster-templates-operator/controllers/clustertemplatequota_controller.go:103.50,108.5 1 0
