make all --print-data-base --no-builtin-variables --no-builtin-rules --question
# GNU Make 4.4
# Built for x86_64-redhat-linux-gnu
# Copyright (C) 1988-2022 Free Software Foundation, Inc.
# License GPLv3+: GNU GPL version 3 or later <https://gnu.org/licenses/gpl.html>
# This is free software: you are free to change and redistribute it.
# There is NO WARRANTY, to the extent permitted by law.

# Make data base, printed on Thu Aug 24 10:53:29 2023

# Variables

# makefile (from 'Makefile', line 183)
KUSTOMIZE_VERSION = v3.8.7
# environment
JAVA_HOME = /usr/lib/jvm/java-11-openjdk
# environment
GDK_BACKEND = x11
# environment
LC_ALL = C
# environment
NO_AT_BRIDGE = 1
# environment
OS_OUTPUT_GOPATH = 1
# environment
GJS_DEBUG_OUTPUT = stderr
# makefile (from 'Makefile', line 25)
BUNDLE_METADATA_OPTS = $(BUNDLE_CHANNELS) $(BUNDLE_DEFAULT_CHANNEL)
# environment
VSCODE_CRASH_REPORTER_PROCESS_TYPE = extensionHost
# environment
VSCODE_CWD = /home/omachace
# environment
GDM_LANG = en_US.UTF-8
# default
MAKE_COMMAND := make
# makefile (from 'Makefile', line 39)
BUNDLE_GEN_FLAGS = -q --overwrite --version $(VERSION) $(BUNDLE_METADATA_OPTS)
# environment
GOPATH = /home/omachace/go
# automatic
@D = $(patsubst %/,%,$(dir $@))
# environment
VSCODE_HANDLES_UNCAUGHT_ERRORS = true
# default
.VARIABLES := 
# environment
PWD = /home/omachace/go/src/github.com/stolostron/cluster-templates-operator
# automatic
%D = $(patsubst %/,%,$(dir $%))
# environment
HOSTNAME = ondra
# environment
MAIL = /var/spool/mail/omachace
# environment
XDG_DATA_DIRS = /home/omachace/.local/share/flatpak/exports/share:/var/lib/flatpak/exports/share:/usr/local/share/:/usr/share/:/var/lib/snapd/desktop
# automatic
^D = $(patsubst %/,%,$(dir $^))
# automatic
%F = $(notdir $%)
# environment
VSCODE_CODE_CACHE_PATH = /home/omachace/.config/Code/CachedData/6c3e3dba23e8fadc360aed75ce363ba185c49794
# makefile (from 'Makefile', line 36)
BUNDLE_IMG = $(IMAGE_TAG_BASE)-bundle:v$(VERSION)
# environment
LANG = C
# environment
GUESTFISH_OUTPUT = \e[0m
# environment
XAUTHORITY = /run/user/1000/.mutter-Xwaylandauth.KAJ591
# default
.LOADED := 
# makefile (from 'Makefile', line 179)
CLIENTGEN = $(LOCALBIN)/client-gen
# default
.INCLUDE_DIRS := /usr/local/include /usr/include
# environment
GUESTFISH_INIT = \e[1;34m
# makefile
MAKEFLAGS = pqrR
# makefile (from 'Makefile', line 186)
KUSTOMIZE_INSTALL_SCRIPT = "https://raw.githubusercontent.com/kubernetes-sigs/kustomize/master/hack/install_kustomize.sh"
# makefile
CURDIR := /home/omachace/go/src/github.com/stolostron/cluster-templates-operator
# environment
LESSOPEN = ||/usr/bin/lesspipe.sh %s
# automatic
*D = $(patsubst %/,%,$(dir $*))
# makefile (from 'Makefile', line 6)
VERSION = 0.0.3
# environment
MFLAGS = -pqrR
# environment
SSH_AUTH_SOCK = /run/user/1000/keyring/ssh
# makefile (from 'Makefile', line 65)
.SHELLFLAGS = -ec
# environment
WAYLAND_DISPLAY = wayland-0
# environment
HISTSIZE = 1000
# automatic
+D = $(patsubst %/,%,$(dir $+))
# environment
XDG_SESSION_DESKTOP = gnome
# makefile (from 'Makefile', line 1)
MAKEFILE_LIST := Makefile
# automatic
@F = $(notdir $@)
# environment
VSCODE_PID = 57413
# environment
XDG_SESSION_TYPE = wayland
# automatic
?D = $(patsubst %/,%,$(dir $?))
# makefile (from 'Makefile', line 32)
IMAGE_TAG_BASE = stolostron/cluster-templates-operator
# environment
SESSION_MANAGER = local/unix:@/tmp/.ICE-unix/3347,unix/unix:/tmp/.ICE-unix/3347
# automatic
*F = $(notdir $*)
# makefile (from 'Makefile', line 244)
CATALOG_IMG = $(IMAGE_TAG_BASE)-catalog:v$(VERSION)
# environment
CHROME_DESKTOP = code-url-handler.desktop
# makefile (from 'Makefile', line 149)
ignore-not-found = false
# environment
DBUS_SESSION_BUS_ADDRESS = unix:path=/run/user/1000/bus
# automatic
<D = $(patsubst %/,%,$(dir $<))
# makefile (from 'Makefile', line 178)
CONTROLLER_GEN = $(LOCALBIN)/controller-gen
# environment
VSCODE_NLS_CONFIG = {"locale":"en-us","osLocale":"en-us","availableLanguages":{},"_languagePackSupport":true}
# default
MAKE_HOST := x86_64-redhat-linux-gnu
# makefile (from 'Makefile', line 64)
SHELL = /usr/bin/env bash -o pipefail
# default
MAKECMDGOALS := all
# environment
XMODIFIERS = @im=ibus
# environment
GJS_DEBUG_TOPICS = JS ERROR;JS LOG
# environment
SHLVL = 0
# environment
MAKELEVEL := 0
# default
MAKE = $(MAKE_COMMAND)
# environment
PATH = /usr/local/bin:/usr/local/sbin:/usr/bin:/usr/sbin:/var/lib/snapd/snap/bin:/home/omachace/go/bin:/usr/local/bin:/usr/local/sbin:/usr/bin:/usr/sbin:/var/lib/snapd/snap/bin:/usr/local/go/bin:/usr/local/bin:/usr/local/sbin:/usr/bin:/usr/sbin:/var/lib/snapd/snap/bin:/home/omachace/bin:/usr/local/bin:/usr/local/sbin:/usr/bin:/usr/sbin:/var/lib/snapd/snap/bin:/home/omachace/openshift:/home/omachace/.local/bin
# makefile (from 'Makefile', line 177)
KUSTOMIZE = $(LOCALBIN)/kustomize
# environment
MOZ_GMP_PATH = /usr/lib64/mozilla/plugins/gmp-gmpopenh264/system-installed
# default
MAKEFILES := 
# automatic
^F = $(notdir $^)
# makefile (from 'Makefile', line 52)
ENVTEST_K8S_VERSION = 1.24.1
# makefile (from 'Makefile', line 241)
BUNDLE_IMGS = $(BUNDLE_IMG)
# makefile (from 'Makefile', line 56)
GOBIN = $(shell go env GOPATH)/bin
# makefile (from 'Makefile', line 184)
CONTROLLER_TOOLS_VERSION = v0.9.0
# environment
INVOCATION_ID = 79fba19fdc6a4874b935621f3978f9b3
# environment
USERNAME = omachace
# environment
GNOME_SETUP_DISPLAY = :1
# automatic
?F = $(notdir $?)
# environment
GUESTFISH_PS1 = \[\e[1;32m\]><fs>\[\e[0;31m\] 
# environment
XDG_CURRENT_DESKTOP = GNOME
# makefile (from 'Makefile', line 50)
IMG = quay.io/stolostron/cluster-templates-operator:latest
# automatic
+F = $(notdir $+)
# environment
DESKTOP_SESSION = gnome
# environment
ORIGINAL_XDG_CURRENT_DESKTOP = GNOME
# 'override' directive
GNUMAKEFLAGS := 
# environment
LOGNAME = omachace
# environment
GIO_LAUNCHED_DESKTOP_FILE = /usr/share/applications/code.desktop
# makefile
.DEFAULT_GOAL := all
# environment
SYSTEMD_EXEC_PID = 3422
# environment
HISTCONTROL = ignoredups
# environment
EDITOR = /usr/bin/vim
# environment
DISPLAY = :0
# environment
USER = omachace
# default
MAKE_VERSION := 4.4
# 'override' directive
.SHELLSTATUS := 1
# makefile (from 'Makefile', line 223)
OPM = ./bin/opm
# environment
MANAGERPID = 3130
# environment
DEBUGINFOD_URLS = https://debuginfod.fedoraproject.org/ 
# environment
GIO_LAUNCHED_DESKTOP_FILE_PID = 57413
# environment
PYTHONPATH = :/home/omachace/ovirt-engine/share/ovirt-engine/setup:/home/omachace/workspace/ovirt-setup-lib/src:/home/omachace/workspace/rhevm-art:/home/omachace/workspace/rhevm-art/art/rhevm_api:/home/omachace/workspace/rhevm-qe-utils:/home/omachace/workspace/vsmartcard/virtualsmartcard/src/vpicc
# environment
_ = /usr/bin/make
# environment
XDG_RUNTIME_DIR = /run/user/1000
# environment
GOMODCACHE = /home/omachace/go/pkg/mod
# environment
JOURNAL_STREAM = 8:43356
# environment
XDG_SESSION_CLASS = user
# environment
VSCODE_AMD_ENTRYPOINT = vs/workbench/api/node/extensionHostProcess
# environment
HOME = /home/omachace
# environment
QT_IM_MODULE = ibus
# makefile (from 'Makefile', line 180)
ENVTEST = $(LOCALBIN)/setup-envtest
# environment
ELECTRON_RUN_AS_NODE = 1
# environment
VSCODE_IPC_HOOK = /run/user/1000/vscode-628c7eec-1.81-main.sock
# environment
GOPROXY = https://proxy.golang.org
# default
.RECIPEPREFIX := 
# automatic
<F = $(notdir $<)
# default
SUFFIXES := 
# makefile (from 'Makefile', line 172)
LOCALBIN = $(shell pwd)/bin
# environment
GUESTFISH_RESTORE = \e[0m
# default
.FEATURES := target-specific order-only second-expansion else-if shortest-stem undefine oneshell nocomment grouped-target extra-prereqs notintermediate shell-export archives jobserver jobserver-fifo output-sync check-symlink guile load
# environment
SAPNWRFC_HOME = /usr/local/sap/nwrfcsdk
# environment
XDG_MENU_PREFIX = gnome-
# makefile (from 'Makefile', line 44)
USE_IMAGE_DIGESTS = false
# environment
GDMSESSION = gnome
# variable set hash-table stats:
# Load=126/1024=12%, Rehash=0, Collisions=14/271=5%

# Pattern-specific Variable Values

# No pattern-specific variable values.

# Directories

# . (device 64770, inode 10129972): 40 files, no impossibilities.

# 40 files, no impossibilities in 1 directories.

# Implicit Rules

# No implicit rules.

# Files

deploy: manifests kustomize
 
#  Phony target (prerequisite of .PHONY).
#  Implicit rule search has not been done.
#  File does not exist.
#  File has not been updated.
#  recipe to execute (from 'Makefile', line 162):
	cd config/manager && $(KUSTOMIZE) edit set image controller=${IMG}
	$(KUSTOMIZE) build config/default | kubectl apply -f -

client-gen: /home/omachace/go/src/github.com/stolostron/cluster-templates-operator/bin/client-gen
#  Phony target (prerequisite of .PHONY).
#  Implicit rule search has not been done.
#  File does not exist.
#  File has not been updated.

/home/omachace/go/src/github.com/stolostron/cluster-templates-operator/bin:
#  Implicit rule search has not been done.
#  File is secondary (prerequisite of .SECONDARY).
#  Last modified 2023-08-23 09:22:14.805505675
#  File has been updated.
#  Successfully updated.
#  recipe to execute (from 'Makefile', line 174):
	mkdir -p $(LOCALBIN)

catalog-build: opm
#  Phony target (prerequisite of .PHONY).
#  Implicit rule search has not been done.
#  File does not exist.
#  File has not been updated.
#  recipe to execute (from 'Makefile', line 256):
	$(OPM) index add --container-tool docker --mode semver --tag $(CATALOG_IMG) --bundles $(BUNDLE_IMGS) $(FROM_INDEX_OPT)

opm:
#  Phony target (prerequisite of .PHONY).
#  Implicit rule search has not been done.
#  File does not exist.
#  File has not been updated.
#  recipe to execute (from 'Makefile', line 227):
	@{ \
	set -e ;\
	mkdir -p $(dir $(OPM)) ;\
	OS=$(shell go env GOOS) && ARCH=$(shell go env GOARCH) && \
	curl -sSLo $(OPM) https://github.com/operator-framework/operator-registry/releases/download/v1.23.0/$${OS}-$${ARCH}-opm ;\
	chmod +x $(OPM) ;\
	}

generate: controller-gen
#  Phony target (prerequisite of .PHONY).
#  Implicit rule search has not been done.
#  File does not exist.
#  File has been updated.
#  Needs to be updated (-q is set).
# variable set hash-table stats:
# Load=0/32=0%, Rehash=0, Collisions=0/8=0%
#  recipe to execute (from 'Makefile', line 95):
	$(CONTROLLER_GEN) object:headerFile="hack/boilerplate.go.txt" paths="./..."

bundle: manifests kustomize
#  Phony target (prerequisite of .PHONY).
#  Implicit rule search has not been done.
#  File does not exist.
#  File has not been updated.
#  recipe to execute (from 'Makefile', line 209):
	operator-sdk generate kustomize manifests -q
	cd config/manager && $(KUSTOMIZE) edit set image controller=$(IMG)
	$(KUSTOMIZE) build config/manifests | operator-sdk generate bundle $(BUNDLE_GEN_FLAGS)
	operator-sdk bundle validate ./bundle

undeploy:
#  Phony target (prerequisite of .PHONY).
#  Implicit rule search has not been done.
#  File does not exist.
#  File has not been updated.
#  recipe to execute (from 'Makefile', line 167):
	$(KUSTOMIZE) build config/default | kubectl delete --ignore-not-found=$(ignore-not-found) -f -

# Not a target:
Makefile:
#  Implicit rule search has been done.
#  File is secondary (prerequisite of .SECONDARY).
#  Last modified 2023-08-23 13:42:08.204895423
#  File has been updated.
#  Successfully updated.

kustomize: /home/omachace/go/src/github.com/stolostron/cluster-templates-operator/bin/kustomize
#  Phony target (prerequisite of .PHONY).
#  Implicit rule search has not been done.
#  File does not exist.
#  File has not been updated.

uninstall: manifests kustomize
#  Phony target (prerequisite of .PHONY).
#  Implicit rule search has not been done.
#  File does not exist.
#  File has not been updated.
#  recipe to execute (from 'Makefile', line 158):
	$(KUSTOMIZE) build config/crd | kubectl delete --ignore-not-found=$(ignore-not-found) -f -

/home/omachace/go/src/github.com/stolostron/cluster-templates-operator/bin/kustomize: /home/omachace/go/src/github.com/stolostron/cluster-templates-operator/bin
#  Implicit rule search has not been done.
#  Modification time never checked.
#  File has not been updated.
#  recipe to execute (from 'Makefile', line 190):
	curl -s $(KUSTOMIZE_INSTALL_SCRIPT) | bash -s -- $(subst v,,$(KUSTOMIZE_VERSION)) $(LOCALBIN)

envtest: /home/omachace/go/src/github.com/stolostron/cluster-templates-operator/bin/setup-envtest
#  Phony target (prerequisite of .PHONY).
#  Implicit rule search has not been done.
#  File does not exist.
#  File has not been updated.

controller-gen: /home/omachace/go/src/github.com/stolostron/cluster-templates-operator/bin/controller-gen
#  Phony target (prerequisite of .PHONY).
#  Implicit rule search has not been done.
#  File does not exist.
#  File has been updated.
#  Needs to be updated (-q is set).
# variable set hash-table stats:
# Load=0/32=0%, Rehash=0, Collisions=0/8=0%

bundle-build:
#  Phony target (prerequisite of .PHONY).
#  Implicit rule search has not been done.
#  File does not exist.
#  File has not been updated.
#  recipe to execute (from 'Makefile', line 216):
	docker build -f bundle.Dockerfile -t $(BUNDLE_IMG) .

k8s-client-gen: client-gen
#  Phony target (prerequisite of .PHONY).
#  Implicit rule search has not been done.
#  File does not exist.
#  File has not been updated.
#  recipe to execute (from 'Makefile', line 135):
	mkdir gen-tmp
	$(CLIENTGEN) --clientset-name versioned --input-base "" --input github.com/stolostron/cluster-templates-operator/api/v1alpha1 \
				--output-package github.com/stolostron/cluster-templates-operator/generated/clientset \
				--output-base gen-tmp --go-header-file hack/boilerplate.go.txt --v 10
	# since the api folder structure has no group folder, the client fails to generate client with group prefix and needs to be renamed
	mv gen-tmp/github.com/stolostron/cluster-templates-operator/generated/clientset/versioned/typed/v1alpha1/_client.go gen-tmp/github.com/stolostron/cluster-templates-operator/generated/clientset/versioned/typed/v1alpha1/client.go
	rm -rf generated
	mv gen-tmp/github.com/stolostron/cluster-templates-operator/generated ./
	rm -rf gen-tmp

fmt:
#  Phony target (prerequisite of .PHONY).
#  Implicit rule search has not been done.
#  File does not exist.
#  File has not been updated.
#  recipe to execute (from 'Makefile', line 99):
	go fmt ./...

bundle-push:
#  Phony target (prerequisite of .PHONY).
#  Implicit rule search has not been done.
#  File does not exist.
#  File has not been updated.
#  recipe to execute (from 'Makefile', line 220):
	$(MAKE) docker-push IMG=$(BUNDLE_IMG)

manifests: controller-gen
#  Phony target (prerequisite of .PHONY).
#  Implicit rule search has not been done.
#  File does not exist.
#  File has not been updated.
#  recipe to execute (from 'Makefile', line 91):
	$(CONTROLLER_GEN) rbac:roleName=manager-role crd webhook paths="./..." output:crd:artifacts:config=config/crd/bases

# Not a target:
.DEFAULT:
#  Implicit rule search has not been done.
#  Modification time never checked.
#  File has not been updated.

/home/omachace/go/src/github.com/stolostron/cluster-templates-operator/bin/setup-envtest: /home/omachace/go/src/github.com/stolostron/cluster-templates-operator/bin
#  Implicit rule search has not been done.
#  Modification time never checked.
#  File has not been updated.
#  recipe to execute (from 'Makefile', line 205):
	GOBIN=$(LOCALBIN) go install sigs.k8s.io/controller-runtime/tools/setup-envtest@latest

# 'override' directive
/home/omachace/go/src/github.com/stolostron/cluster-templates-operator/bin/controller-gen: .SHELLSTATUS := 0
/home/omachace/go/src/github.com/stolostron/cluster-templates-operator/bin/controller-gen: /home/omachace/go/src/github.com/stolostron/cluster-templates-operator/bin
#  Implicit rule search has not been done.
#  Implicit/static pattern stem: ''
#  Last modified 2023-08-22 15:51:10.372953334
#  File has been updated.
#  Needs to be updated (-q is set).
# automatic
# @ := /home/omachace/go/src/github.com/stolostron/cluster-templates-operator/bin/controller-gen
# automatic
# * := 
# automatic
# < := /home/omachace/go/src/github.com/stolostron/cluster-templates-operator/bin
# automatic
# + := /home/omachace/go/src/github.com/stolostron/cluster-templates-operator/bin
# automatic
# % := 
# automatic
# ^ := /home/omachace/go/src/github.com/stolostron/cluster-templates-operator/bin
# automatic
# ? := /home/omachace/go/src/github.com/stolostron/cluster-templates-operator/bin
# automatic
# | := 
# variable set hash-table stats:
# Load=9/32=28%, Rehash=0, Collisions=2/17=12%
#  recipe to execute (from 'Makefile', line 200):
	GOBIN=$(LOCALBIN) go install sigs.k8s.io/controller-tools/cmd/controller-gen@$(CONTROLLER_TOOLS_VERSION)

all: build
#  Phony target (prerequisite of .PHONY).
#  Command line target.
#  Implicit rule search has not been done.
#  File does not exist.
#  File has been updated.
#  Needs to be updated (-q is set).
# variable set hash-table stats:
# Load=0/32=0%, Rehash=0, Collisions=0/8=0%

run: manifests generate fmt vet
#  Phony target (prerequisite of .PHONY).
#  Implicit rule search has not been done.
#  File does not exist.
#  File has not been updated.
#  recipe to execute (from 'Makefile', line 117):
	DISABLE_WEBHOOKS=true go run ./main.go

help:
#  Phony target (prerequisite of .PHONY).
#  Implicit rule search has not been done.
#  File does not exist.
#  File has not been updated.
#  recipe to execute (from 'Makefile', line 85):
	@awk 'BEGIN {FS = ":.*##"; printf "\nUsage:\n  make \033[36m<target>\033[0m\n"} /^[a-zA-Z_0-9-]+:.*?##/ { printf "  \033[36m%-15s\033[0m %s\n", $$1, $$2 } /^##@/ { printf "\n\033[1m%s\033[0m\n", substr($$0, 5) } ' $(MAKEFILE_LIST)

vet:
#  Phony target (prerequisite of .PHONY).
#  Implicit rule search has not been done.
#  File does not exist.
#  File has not been updated.
#  recipe to execute (from 'Makefile', line 103):
	go vet ./...

build: generate fmt vet
#  Phony target (prerequisite of .PHONY).
#  Implicit rule search has not been done.
#  File does not exist.
#  File has been updated.
#  Needs to be updated (-q is set).
# variable set hash-table stats:
# Load=0/32=0%, Rehash=0, Collisions=0/8=0%
#  recipe to execute (from 'Makefile', line 113):
	go build -o bin/manager main.go

test: manifests generate fmt vet envtest
#  Phony target (prerequisite of .PHONY).
#  Implicit rule search has not been done.
#  File does not exist.
#  File has not been updated.
#  recipe to execute (from 'Makefile', line 107):
	KUBEBUILDER_ASSETS="$(shell $(ENVTEST) use $(ENVTEST_K8S_VERSION) -p path)" go test ./... -coverprofile cover.out

docker-push:
#  Phony target (prerequisite of .PHONY).
#  Implicit rule search has not been done.
#  File does not exist.
#  File has not been updated.
#  recipe to execute (from 'Makefile', line 125):
	docker push ${IMG}

install: manifests kustomize
#  Phony target (prerequisite of .PHONY).
#  Implicit rule search has not been done.
#  File does not exist.
#  File has not been updated.
#  recipe to execute (from 'Makefile', line 154):
	$(KUSTOMIZE) build config/crd | kubectl apply -f -

docker-build: test
#  Phony target (prerequisite of .PHONY).
#  Implicit rule search has not been done.
#  File does not exist.
#  File has not been updated.
#  recipe to execute (from 'Makefile', line 121):
	docker build -t ${IMG} .

catalog-push:
#  Phony target (prerequisite of .PHONY).
#  Implicit rule search has not been done.
#  File does not exist.
#  File has not been updated.
#  recipe to execute (from 'Makefile', line 261):
	$(MAKE) docker-push IMG=$(CATALOG_IMG)

# Not a target:
.SUFFIXES:
#  Implicit rule search has not been done.
#  Modification time never checked.
#  File has not been updated.

 
.PHONY: all help manifests generate fmt vet test build run docker-build docker-push build-cli k8s-client-gen install uninstall deploy undeploy kustomize client-gen controller-gen envtest bundle bundle-build bundle-push opm catalog-build catalog-push
#  Implicit rule search has not been done.
#  Modification time never checked.
#  File has not been updated.

/home/omachace/go/src/github.com/stolostron/cluster-templates-operator/bin/client-gen: /home/omachace/go/src/github.com/stolostron/cluster-templates-operator/bin
#  Implicit rule search has not been done.
#  Modification time never checked.
#  File has not been updated.
#  recipe to execute (from 'Makefile', line 195):
	GOBIN=$(LOCALBIN) go install k8s.io/code-generator/cmd/client-gen@v0.23.5

build-cli:
#  Phony target (prerequisite of .PHONY).
#  Implicit rule search has not been done.
#  File does not exist.
#  File has not been updated.
#  recipe to execute (from 'Makefile', line 131):
	go build cli/kubectl-cluster.go && go build -ldflags="-X 'github.com/stolostron/cluster-templates-operator/cli/cmd.ocLogin=true'" -o=oc-cluster.go cli/kubectl-cluster.go

# files hash-table stats:
# Load=36/1024=4%, Rehash=0, Collisions=0/166=0%
# VPATH Search Paths

# No 'vpath' search paths.

# No general ('VPATH' variable) search path.

# strcache buffers: 1 (0) / strings = 76 / storage = 1087 B / avg = 14 B
# current buf: size = 8162 B / used = 1087 B / count = 76 / avg = 14 B

# strcache performance: lookups = 230 / hit rate = 66%
# hash-table stats:
# Load=76/8192=1%, Rehash=0, Collisions=6/230=3%
# Finished Make data base on Thu Aug 24 10:53:29 2023

 
